Build target 'Target 1'
assembling STARTUP.A51...
compiling C4.c...
linking...
*** WARNING L16: UNCALLED SEGMENT, IGNORED FOR OVERLAY PROCESS
    SEGMENT: ?PR?_DELAYS?C4

*** WARNING L16: UNCALLED SEGMENT, IGNORED FOR OVERLAY PROCESS
    SEGMENT: ?PR?_PRINTLR?C4

*** WARNING L16: UNCALLED SEGMENT, IGNORED FOR OVERLAY PROCESS
    SEGMENT: ?PR?_PRINTLU?C4

*** WARNING L15: MULTIPLE CALL TO SEGMENT
    SEGMENT: ?PR?PROCESSKEYS?C4
    CALLER1: ?C_C51STARTUP
    CALLER2: ?PR?KEYINTERRUPT?C4

*** WARNING L15: MULTIPLE CALL TO SEGMENT
    SEGMENT: ?PR?WRONGPASSWORD?C4
    CALLER1: ?C_C51STARTUP
    CALLER2: ?PR?KEYINTERRUPT?C4

Program Size: data=78.0 xdata=0 code=2247
creating hex file from "C4"...
"C4" - 0 Error(s), 5 Warning(s).
